2015-09-07 09:17:47,645 INFO [org.jasig.cas.services.DefaultServicesManagerImpl] - Loaded 1 services.
2015-09-07 09:17:49,578 INFO [org.jasig.cas.util.AutowiringSchedulerFactoryBean] - Starting Quartz Scheduler now
2015-09-07 09:18:07,802 INFO [org.jasig.cas.ticket.registry.support.DefaultTicketRegistryCleaner] - Beginning ticket cleanup.
2015-09-07 09:18:07,805 INFO [org.jasig.cas.ticket.registry.support.DefaultTicketRegistryCleaner] - 0 tickets found to be removed.
2015-09-07 09:18:07,805 INFO [org.jasig.cas.ticket.registry.support.DefaultTicketRegistryCleaner] - Finished ticket cleanup.
2015-09-07 09:19:47,855 INFO [org.jasig.cas.services.DefaultServicesManagerImpl] - Reloading registered services.
2015-09-07 09:19:47,856 INFO [org.jasig.cas.services.DefaultServicesManagerImpl] - Loaded 1 services.
2015-09-07 09:21:47,842 INFO [org.jasig.cas.services.DefaultServicesManagerImpl] - Reloading registered services.
2015-09-07 09:21:47,842 INFO [org.jasig.cas.services.DefaultServicesManagerImpl] - Loaded 1 services.
2015-09-07 09:23:47,844 INFO [org.jasig.cas.services.DefaultServicesManagerImpl] - Reloading registered services.
2015-09-07 09:23:47,845 INFO [org.jasig.cas.services.DefaultServicesManagerImpl] - Loaded 1 services.
2015-09-07 09:25:47,842 INFO [org.jasig.cas.services.DefaultServicesManagerImpl] - Reloading registered services.
2015-09-07 09:25:47,842 INFO [org.jasig.cas.services.DefaultServicesManagerImpl] - Loaded 1 services.
2015-09-07 09:27:47,840 INFO [org.jasig.cas.services.DefaultServicesManagerImpl] - Reloading registered services.
2015-09-07 09:27:47,840 INFO [org.jasig.cas.services.DefaultServicesManagerImpl] - Loaded 1 services.
2015-09-07 09:28:17,459 INFO [org.jasig.cas.web.flow.InitialFlowSetupAction] - Setting path for cookies to: /cas/
2015-09-07 09:28:17,459 INFO [org.jasig.cas.web.flow.InitialFlowSetupAction] - Setting path for cookies to: /cas/
2015-09-07 09:28:35,796 INFO [com.github.inspektr.audit.support.Slf4jLoggingAuditTrailManager] - Audit trail record BEGIN
=============================================================
WHO: audit:unknown
WHAT: TGT-5-UKzkuRGHjcHvGSetKdaa1vMoiafCIfcqykpNdCsfso2XyPQDie-sso.lyjohn.com
ACTION: TICKET_GRANTING_TICKET_DESTROYED
APPLICATION: CAS
WHEN: Mon Sep 07 09:28:35 CST 2015
CLIENT IP ADDRESS: 127.0.0.1
SERVER IP ADDRESS: 127.0.0.1
=============================================================


2015-09-07 09:28:45,830 INFO [org.jasig.cas.authentication.PolicyBasedAuthenticationManager] - QueryDatabaseAuthenticationHandler failed authenticating xy+password
2015-09-07 09:28:45,830 INFO [com.github.inspektr.audit.support.Slf4jLoggingAuditTrailManager] - Audit trail record BEGIN
=============================================================
WHO: audit:unknown
WHAT: supplied credentials: [xy+password]
ACTION: AUTHENTICATION_FAILED
APPLICATION: CAS
WHEN: Mon Sep 07 09:28:45 CST 2015
CLIENT IP ADDRESS: 127.0.0.1
SERVER IP ADDRESS: 127.0.0.1
=============================================================


2015-09-07 09:28:45,831 INFO [com.github.inspektr.audit.support.Slf4jLoggingAuditTrailManager] - Audit trail record BEGIN
=============================================================
WHO: audit:unknown
WHAT: 1 errors, 0 successes
ACTION: TICKET_GRANTING_TICKET_NOT_CREATED
APPLICATION: CAS
WHEN: Mon Sep 07 09:28:45 CST 2015
CLIENT IP ADDRESS: 127.0.0.1
SERVER IP ADDRESS: 127.0.0.1
=============================================================


2015-09-07 09:29:47,840 INFO [org.jasig.cas.services.DefaultServicesManagerImpl] - Reloading registered services.
2015-09-07 09:29:47,840 INFO [org.jasig.cas.services.DefaultServicesManagerImpl] - Loaded 1 services.
2015-09-07 09:31:47,843 INFO [org.jasig.cas.services.DefaultServicesManagerImpl] - Reloading registered services.
2015-09-07 09:31:47,843 INFO [org.jasig.cas.services.DefaultServicesManagerImpl] - Loaded 1 services.
2015-09-07 09:33:47,843 INFO [org.jasig.cas.services.DefaultServicesManagerImpl] - Reloading registered services.
2015-09-07 09:33:47,843 INFO [org.jasig.cas.services.DefaultServicesManagerImpl] - Loaded 1 services.
2015-09-07 09:35:47,843 INFO [org.jasig.cas.services.DefaultServicesManagerImpl] - Reloading registered services.
2015-09-07 09:35:47,843 INFO [org.jasig.cas.services.DefaultServicesManagerImpl] - Loaded 1 services.
2015-09-07 09:37:47,842 INFO [org.jasig.cas.services.DefaultServicesManagerImpl] - Reloading registered services.
2015-09-07 09:37:47,842 INFO [org.jasig.cas.services.DefaultServicesManagerImpl] - Loaded 1 services.
2015-09-07 09:39:47,838 INFO [org.jasig.cas.services.DefaultServicesManagerImpl] - Reloading registered services.
2015-09-07 09:39:47,838 INFO [org.jasig.cas.services.DefaultServicesManagerImpl] - Loaded 1 services.
2015-09-07 09:41:47,840 INFO [org.jasig.cas.services.DefaultServicesManagerImpl] - Reloading registered services.
2015-09-07 09:41:47,840 INFO [org.jasig.cas.services.DefaultServicesManagerImpl] - Loaded 1 services.
2015-09-07 09:43:47,843 INFO [org.jasig.cas.services.DefaultServicesManagerImpl] - Reloading registered services.
2015-09-07 09:43:47,843 INFO [org.jasig.cas.services.DefaultServicesManagerImpl] - Loaded 1 services.
2015-09-07 09:45:47,842 INFO [org.jasig.cas.services.DefaultServicesManagerImpl] - Reloading registered services.
2015-09-07 09:45:47,842 INFO [org.jasig.cas.services.DefaultServicesManagerImpl] - Loaded 1 services.
2015-09-07 09:47:47,840 INFO [org.jasig.cas.services.DefaultServicesManagerImpl] - Reloading registered services.
2015-09-07 09:47:47,841 INFO [org.jasig.cas.services.DefaultServicesManagerImpl] - Loaded 1 services.
2015-09-07 09:49:47,841 INFO [org.jasig.cas.services.DefaultServicesManagerImpl] - Reloading registered services.
2015-09-07 09:49:47,841 INFO [org.jasig.cas.services.DefaultServicesManagerImpl] - Loaded 1 services.
2015-09-07 09:51:47,839 INFO [org.jasig.cas.services.DefaultServicesManagerImpl] - Reloading registered services.
2015-09-07 09:51:47,839 INFO [org.jasig.cas.services.DefaultServicesManagerImpl] - Loaded 1 services.
2015-09-07 09:53:47,847 INFO [org.jasig.cas.services.DefaultServicesManagerImpl] - Reloading registered services.
2015-09-07 09:53:47,847 INFO [org.jasig.cas.services.DefaultServicesManagerImpl] - Loaded 1 services.
2015-09-07 09:55:47,844 INFO [org.jasig.cas.services.DefaultServicesManagerImpl] - Reloading registered services.
2015-09-07 09:55:47,844 INFO [org.jasig.cas.services.DefaultServicesManagerImpl] - Loaded 1 services.
2015-09-07 09:57:47,839 INFO [org.jasig.cas.services.DefaultServicesManagerImpl] - Reloading registered services.
2015-09-07 09:57:47,840 INFO [org.jasig.cas.services.DefaultServicesManagerImpl] - Loaded 1 services.
2015-09-07 09:59:47,841 INFO [org.jasig.cas.services.DefaultServicesManagerImpl] - Reloading registered services.
2015-09-07 09:59:47,841 INFO [org.jasig.cas.services.DefaultServicesManagerImpl] - Loaded 1 services.
2015-09-07 10:01:47,841 INFO [org.jasig.cas.services.DefaultServicesManagerImpl] - Reloading registered services.
2015-09-07 10:01:47,841 INFO [org.jasig.cas.services.DefaultServicesManagerImpl] - Loaded 1 services.
2015-09-07 10:03:47,848 INFO [org.jasig.cas.services.DefaultServicesManagerImpl] - Reloading registered services.
2015-09-07 10:03:47,848 INFO [org.jasig.cas.services.DefaultServicesManagerImpl] - Loaded 1 services.
2015-09-07 10:05:47,846 INFO [org.jasig.cas.services.DefaultServicesManagerImpl] - Reloading registered services.
2015-09-07 10:05:47,846 INFO [org.jasig.cas.services.DefaultServicesManagerImpl] - Loaded 1 services.
2015-09-07 10:07:47,840 INFO [org.jasig.cas.services.DefaultServicesManagerImpl] - Reloading registered services.
2015-09-07 10:07:47,840 INFO [org.jasig.cas.services.DefaultServicesManagerImpl] - Loaded 1 services.
2015-09-07 10:09:47,844 INFO [org.jasig.cas.services.DefaultServicesManagerImpl] - Reloading registered services.
2015-09-07 10:09:47,844 INFO [org.jasig.cas.services.DefaultServicesManagerImpl] - Loaded 1 services.
2015-09-07 10:11:47,848 INFO [org.jasig.cas.services.DefaultServicesManagerImpl] - Reloading registered services.
2015-09-07 10:11:47,849 INFO [org.jasig.cas.services.DefaultServicesManagerImpl] - Loaded 1 services.
2015-09-07 10:13:47,842 INFO [org.jasig.cas.services.DefaultServicesManagerImpl] - Reloading registered services.
2015-09-07 10:13:47,842 INFO [org.jasig.cas.services.DefaultServicesManagerImpl] - Loaded 1 services.
2015-09-07 10:15:47,846 INFO [org.jasig.cas.services.DefaultServicesManagerImpl] - Reloading registered services.
2015-09-07 10:15:47,846 INFO [org.jasig.cas.services.DefaultServicesManagerImpl] - Loaded 1 services.
2015-09-07 10:17:47,840 INFO [org.jasig.cas.services.DefaultServicesManagerImpl] - Reloading registered services.
2015-09-07 10:17:47,840 INFO [org.jasig.cas.services.DefaultServicesManagerImpl] - Loaded 1 services.
2015-09-07 10:19:47,848 INFO [org.jasig.cas.services.DefaultServicesManagerImpl] - Reloading registered services.
2015-09-07 10:19:47,848 INFO [org.jasig.cas.services.DefaultServicesManagerImpl] - Loaded 1 services.
2015-09-07 10:21:47,845 INFO [org.jasig.cas.services.DefaultServicesManagerImpl] - Reloading registered services.
2015-09-07 10:21:47,846 INFO [org.jasig.cas.services.DefaultServicesManagerImpl] - Loaded 1 services.
2015-09-07 10:23:47,843 INFO [org.jasig.cas.services.DefaultServicesManagerImpl] - Reloading registered services.
2015-09-07 10:23:47,843 INFO [org.jasig.cas.services.DefaultServicesManagerImpl] - Loaded 1 services.
2015-09-07 10:25:47,847 INFO [org.jasig.cas.services.DefaultServicesManagerImpl] - Reloading registered services.
2015-09-07 10:25:47,847 INFO [org.jasig.cas.services.DefaultServicesManagerImpl] - Loaded 1 services.
2015-09-07 10:27:47,841 INFO [org.jasig.cas.services.DefaultServicesManagerImpl] - Reloading registered services.
2015-09-07 10:27:47,841 INFO [org.jasig.cas.services.DefaultServicesManagerImpl] - Loaded 1 services.
2015-09-07 10:29:47,848 INFO [org.jasig.cas.services.DefaultServicesManagerImpl] - Reloading registered services.
2015-09-07 10:29:47,848 INFO [org.jasig.cas.services.DefaultServicesManagerImpl] - Loaded 1 services.
2015-09-07 10:31:47,840 INFO [org.jasig.cas.services.DefaultServicesManagerImpl] - Reloading registered services.
2015-09-07 10:31:47,840 INFO [org.jasig.cas.services.DefaultServicesManagerImpl] - Loaded 1 services.
2015-09-07 10:33:47,846 INFO [org.jasig.cas.services.DefaultServicesManagerImpl] - Reloading registered services.
2015-09-07 10:33:47,846 INFO [org.jasig.cas.services.DefaultServicesManagerImpl] - Loaded 1 services.
2015-09-07 10:35:47,845 INFO [org.jasig.cas.services.DefaultServicesManagerImpl] - Reloading registered services.
2015-09-07 10:35:47,845 INFO [org.jasig.cas.services.DefaultServicesManagerImpl] - Loaded 1 services.
2015-09-07 10:37:47,841 INFO [org.jasig.cas.services.DefaultServicesManagerImpl] - Reloading registered services.
2015-09-07 10:37:47,842 INFO [org.jasig.cas.services.DefaultServicesManagerImpl] - Loaded 1 services.
2015-09-07 10:39:47,841 INFO [org.jasig.cas.services.DefaultServicesManagerImpl] - Reloading registered services.
2015-09-07 10:39:47,841 INFO [org.jasig.cas.services.DefaultServicesManagerImpl] - Loaded 1 services.
2015-09-07 10:41:27,787 INFO [org.jasig.cas.ticket.registry.support.DefaultTicketRegistryCleaner] - Beginning ticket cleanup.
2015-09-07 10:41:27,788 INFO [org.jasig.cas.ticket.registry.support.DefaultTicketRegistryCleaner] - 0 tickets found to be removed.
2015-09-07 10:41:27,788 INFO [org.jasig.cas.ticket.registry.support.DefaultTicketRegistryCleaner] - Finished ticket cleanup.
2015-09-07 10:41:47,843 INFO [org.jasig.cas.services.DefaultServicesManagerImpl] - Reloading registered services.
2015-09-07 10:41:47,843 INFO [org.jasig.cas.services.DefaultServicesManagerImpl] - Loaded 1 services.
2015-09-07 10:43:47,840 INFO [org.jasig.cas.services.DefaultServicesManagerImpl] - Reloading registered services.
2015-09-07 10:43:47,840 INFO [org.jasig.cas.services.DefaultServicesManagerImpl] - Loaded 1 services.
2015-09-07 10:45:47,841 INFO [org.jasig.cas.services.DefaultServicesManagerImpl] - Reloading registered services.
2015-09-07 10:45:47,841 INFO [org.jasig.cas.services.DefaultServicesManagerImpl] - Loaded 1 services.
2015-09-07 10:47:47,840 INFO [org.jasig.cas.services.DefaultServicesManagerImpl] - Reloading registered services.
2015-09-07 10:47:47,841 INFO [org.jasig.cas.services.DefaultServicesManagerImpl] - Loaded 1 services.
2015-09-07 10:49:47,841 INFO [org.jasig.cas.services.DefaultServicesManagerImpl] - Reloading registered services.
2015-09-07 10:49:47,841 INFO [org.jasig.cas.services.DefaultServicesManagerImpl] - Loaded 1 services.
2015-09-07 10:51:47,839 INFO [org.jasig.cas.services.DefaultServicesManagerImpl] - Reloading registered services.
2015-09-07 10:51:47,840 INFO [org.jasig.cas.services.DefaultServicesManagerImpl] - Loaded 1 services.
2015-09-07 10:53:47,840 INFO [org.jasig.cas.services.DefaultServicesManagerImpl] - Reloading registered services.
2015-09-07 10:53:47,840 INFO [org.jasig.cas.services.DefaultServicesManagerImpl] - Loaded 1 services.
2015-09-07 10:55:47,838 INFO [org.jasig.cas.services.DefaultServicesManagerImpl] - Reloading registered services.
2015-09-07 10:55:47,838 INFO [org.jasig.cas.services.DefaultServicesManagerImpl] - Loaded 1 services.
2015-09-07 10:57:47,840 INFO [org.jasig.cas.services.DefaultServicesManagerImpl] - Reloading registered services.
2015-09-07 10:57:47,841 INFO [org.jasig.cas.services.DefaultServicesManagerImpl] - Loaded 1 services.
2015-09-07 10:59:47,841 INFO [org.jasig.cas.services.DefaultServicesManagerImpl] - Reloading registered services.
2015-09-07 10:59:47,841 INFO [org.jasig.cas.services.DefaultServicesManagerImpl] - Loaded 1 services.
2015-09-07 11:01:47,841 INFO [org.jasig.cas.services.DefaultServicesManagerImpl] - Reloading registered services.
2015-09-07 11:01:47,841 INFO [org.jasig.cas.services.DefaultServicesManagerImpl] - Loaded 1 services.
2015-09-07 11:03:47,844 INFO [org.jasig.cas.services.DefaultServicesManagerImpl] - Reloading registered services.
2015-09-07 11:03:47,845 INFO [org.jasig.cas.services.DefaultServicesManagerImpl] - Loaded 1 services.
2015-09-07 11:05:47,847 INFO [org.jasig.cas.services.DefaultServicesManagerImpl] - Reloading registered services.
2015-09-07 11:05:47,848 INFO [org.jasig.cas.services.DefaultServicesManagerImpl] - Loaded 1 services.
2015-09-07 11:07:47,842 INFO [org.jasig.cas.services.DefaultServicesManagerImpl] - Reloading registered services.
2015-09-07 11:07:47,842 INFO [org.jasig.cas.services.DefaultServicesManagerImpl] - Loaded 1 services.
2015-09-07 11:09:47,848 INFO [org.jasig.cas.services.DefaultServicesManagerImpl] - Reloading registered services.
2015-09-07 11:09:47,848 INFO [org.jasig.cas.services.DefaultServicesManagerImpl] - Loaded 1 services.
2015-09-07 11:11:47,844 INFO [org.jasig.cas.services.DefaultServicesManagerImpl] - Reloading registered services.
2015-09-07 11:11:47,844 INFO [org.jasig.cas.services.DefaultServicesManagerImpl] - Loaded 1 services.
2015-09-07 11:13:47,844 INFO [org.jasig.cas.services.DefaultServicesManagerImpl] - Reloading registered services.
2015-09-07 11:13:47,844 INFO [org.jasig.cas.services.DefaultServicesManagerImpl] - Loaded 1 services.
2015-09-07 11:15:47,839 INFO [org.jasig.cas.services.DefaultServicesManagerImpl] - Reloading registered services.
2015-09-07 11:15:47,840 INFO [org.jasig.cas.services.DefaultServicesManagerImpl] - Loaded 1 services.
2015-09-07 11:17:47,843 INFO [org.jasig.cas.services.DefaultServicesManagerImpl] - Reloading registered services.
2015-09-07 11:17:47,843 INFO [org.jasig.cas.services.DefaultServicesManagerImpl] - Loaded 1 services.
2015-09-07 11:19:47,847 INFO [org.jasig.cas.services.DefaultServicesManagerImpl] - Reloading registered services.
2015-09-07 11:19:47,848 INFO [org.jasig.cas.services.DefaultServicesManagerImpl] - Loaded 1 services.
2015-09-07 11:21:47,842 INFO [org.jasig.cas.services.DefaultServicesManagerImpl] - Reloading registered services.
2015-09-07 11:21:47,842 INFO [org.jasig.cas.services.DefaultServicesManagerImpl] - Loaded 1 services.
2015-09-07 11:23:47,841 INFO [org.jasig.cas.services.DefaultServicesManagerImpl] - Reloading registered services.
2015-09-07 11:23:47,841 INFO [org.jasig.cas.services.DefaultServicesManagerImpl] - Loaded 1 services.
2015-09-07 11:25:47,843 INFO [org.jasig.cas.services.DefaultServicesManagerImpl] - Reloading registered services.
2015-09-07 11:25:47,843 INFO [org.jasig.cas.services.DefaultServicesManagerImpl] - Loaded 1 services.
2015-09-07 11:27:47,843 INFO [org.jasig.cas.services.DefaultServicesManagerImpl] - Reloading registered services.
2015-09-07 11:27:47,843 INFO [org.jasig.cas.services.DefaultServicesManagerImpl] - Loaded 1 services.
2015-09-07 11:29:47,843 INFO [org.jasig.cas.services.DefaultServicesManagerImpl] - Reloading registered services.
2015-09-07 11:29:47,843 INFO [org.jasig.cas.services.DefaultServicesManagerImpl] - Loaded 1 services.
2015-09-07 11:31:47,843 INFO [org.jasig.cas.services.DefaultServicesManagerImpl] - Reloading registered services.
2015-09-07 11:31:47,844 INFO [org.jasig.cas.services.DefaultServicesManagerImpl] - Loaded 1 services.
2015-09-07 11:33:47,839 INFO [org.jasig.cas.services.DefaultServicesManagerImpl] - Reloading registered services.
2015-09-07 11:33:47,840 INFO [org.jasig.cas.services.DefaultServicesManagerImpl] - Loaded 1 services.
2015-09-07 11:35:47,839 INFO [org.jasig.cas.services.DefaultServicesManagerImpl] - Reloading registered services.
2015-09-07 11:35:47,839 INFO [org.jasig.cas.services.DefaultServicesManagerImpl] - Loaded 1 services.
2015-09-07 11:37:47,842 INFO [org.jasig.cas.services.DefaultServicesManagerImpl] - Reloading registered services.
2015-09-07 11:37:47,842 INFO [org.jasig.cas.services.DefaultServicesManagerImpl] - Loaded 1 services.
2015-09-07 11:39:47,843 INFO [org.jasig.cas.services.DefaultServicesManagerImpl] - Reloading registered services.
2015-09-07 11:39:47,843 INFO [org.jasig.cas.services.DefaultServicesManagerImpl] - Loaded 1 services.
2015-09-07 11:41:47,841 INFO [org.jasig.cas.services.DefaultServicesManagerImpl] - Reloading registered services.
2015-09-07 11:41:47,841 INFO [org.jasig.cas.services.DefaultServicesManagerImpl] - Loaded 1 services.
2015-09-07 11:43:47,841 INFO [org.jasig.cas.services.DefaultServicesManagerImpl] - Reloading registered services.
2015-09-07 11:43:47,841 INFO [org.jasig.cas.services.DefaultServicesManagerImpl] - Loaded 1 services.
2015-09-07 11:45:47,844 INFO [org.jasig.cas.services.DefaultServicesManagerImpl] - Reloading registered services.
2015-09-07 11:45:47,844 INFO [org.jasig.cas.services.DefaultServicesManagerImpl] - Loaded 1 services.
2015-09-07 11:47:47,841 INFO [org.jasig.cas.services.DefaultServicesManagerImpl] - Reloading registered services.
2015-09-07 11:47:47,842 INFO [org.jasig.cas.services.DefaultServicesManagerImpl] - Loaded 1 services.
2015-09-07 11:49:47,842 INFO [org.jasig.cas.services.DefaultServicesManagerImpl] - Reloading registered services.
2015-09-07 11:49:47,842 INFO [org.jasig.cas.services.DefaultServicesManagerImpl] - Loaded 1 services.
2015-09-07 11:51:47,841 INFO [org.jasig.cas.services.DefaultServicesManagerImpl] - Reloading registered services.
2015-09-07 11:51:47,841 INFO [org.jasig.cas.services.DefaultServicesManagerImpl] - Loaded 1 services.
2015-09-07 11:53:47,840 INFO [org.jasig.cas.services.DefaultServicesManagerImpl] - Reloading registered services.
2015-09-07 11:53:47,841 INFO [org.jasig.cas.services.DefaultServicesManagerImpl] - Loaded 1 services.
2015-09-07 11:55:47,848 INFO [org.jasig.cas.services.DefaultServicesManagerImpl] - Reloading registered services.
2015-09-07 11:55:47,848 INFO [org.jasig.cas.services.DefaultServicesManagerImpl] - Loaded 1 services.
2015-09-07 11:57:47,843 INFO [org.jasig.cas.services.DefaultServicesManagerImpl] - Reloading registered services.
2015-09-07 11:57:47,844 INFO [org.jasig.cas.services.DefaultServicesManagerImpl] - Loaded 1 services.
2015-09-07 11:59:47,843 INFO [org.jasig.cas.services.DefaultServicesManagerImpl] - Reloading registered services.
2015-09-07 11:59:47,843 INFO [org.jasig.cas.services.DefaultServicesManagerImpl] - Loaded 1 services.
2015-09-07 12:01:47,845 INFO [org.jasig.cas.services.DefaultServicesManagerImpl] - Reloading registered services.
2015-09-07 12:01:47,845 INFO [org.jasig.cas.services.DefaultServicesManagerImpl] - Loaded 1 services.
2015-09-07 12:03:47,846 INFO [org.jasig.cas.services.DefaultServicesManagerImpl] - Reloading registered services.
2015-09-07 12:03:47,846 INFO [org.jasig.cas.services.DefaultServicesManagerImpl] - Loaded 1 services.
2015-09-07 12:04:47,791 INFO [org.jasig.cas.ticket.registry.support.DefaultTicketRegistryCleaner] - Beginning ticket cleanup.
2015-09-07 12:04:47,792 INFO [org.jasig.cas.ticket.registry.support.DefaultTicketRegistryCleaner] - 0 tickets found to be removed.
2015-09-07 12:04:47,792 INFO [org.jasig.cas.ticket.registry.support.DefaultTicketRegistryCleaner] - Finished ticket cleanup.
2015-09-07 12:05:47,840 INFO [org.jasig.cas.services.DefaultServicesManagerImpl] - Reloading registered services.
2015-09-07 12:05:47,841 INFO [org.jasig.cas.services.DefaultServicesManagerImpl] - Loaded 1 services.
2015-09-07 12:07:47,843 INFO [org.jasig.cas.services.DefaultServicesManagerImpl] - Reloading registered services.
2015-09-07 12:07:47,843 INFO [org.jasig.cas.services.DefaultServicesManagerImpl] - Loaded 1 services.
2015-09-07 12:09:47,839 INFO [org.jasig.cas.services.DefaultServicesManagerImpl] - Reloading registered services.
2015-09-07 12:09:47,839 INFO [org.jasig.cas.services.DefaultServicesManagerImpl] - Loaded 1 services.
2015-09-07 12:11:47,856 INFO [org.jasig.cas.services.DefaultServicesManagerImpl] - Reloading registered services.
2015-09-07 12:11:47,857 INFO [org.jasig.cas.services.DefaultServicesManagerImpl] - Loaded 1 services.
2015-09-07 12:13:47,840 INFO [org.jasig.cas.services.DefaultServicesManagerImpl] - Reloading registered services.
2015-09-07 12:13:47,840 INFO [org.jasig.cas.services.DefaultServicesManagerImpl] - Loaded 1 services.
2015-09-07 12:15:47,849 INFO [org.jasig.cas.services.DefaultServicesManagerImpl] - Reloading registered services.
2015-09-07 12:15:47,853 INFO [org.jasig.cas.services.DefaultServicesManagerImpl] - Loaded 1 services.
2015-09-07 12:17:47,843 INFO [org.jasig.cas.services.DefaultServicesManagerImpl] - Reloading registered services.
2015-09-07 12:17:47,844 INFO [org.jasig.cas.services.DefaultServicesManagerImpl] - Loaded 1 services.
2015-09-07 12:19:47,840 INFO [org.jasig.cas.services.DefaultServicesManagerImpl] - Reloading registered services.
2015-09-07 12:19:47,841 INFO [org.jasig.cas.services.DefaultServicesManagerImpl] - Loaded 1 services.
2015-09-07 12:21:47,840 INFO [org.jasig.cas.services.DefaultServicesManagerImpl] - Reloading registered services.
2015-09-07 12:21:47,841 INFO [org.jasig.cas.services.DefaultServicesManagerImpl] - Loaded 1 services.
2015-09-07 12:23:47,853 INFO [org.jasig.cas.services.DefaultServicesManagerImpl] - Reloading registered services.
2015-09-07 12:23:47,855 INFO [org.jasig.cas.services.DefaultServicesManagerImpl] - Loaded 1 services.
2015-09-07 12:25:47,846 INFO [org.jasig.cas.services.DefaultServicesManagerImpl] - Reloading registered services.
2015-09-07 12:25:47,848 INFO [org.jasig.cas.services.DefaultServicesManagerImpl] - Loaded 1 services.
2015-09-07 12:27:47,848 INFO [org.jasig.cas.services.DefaultServicesManagerImpl] - Reloading registered services.
2015-09-07 12:27:47,853 INFO [org.jasig.cas.services.DefaultServicesManagerImpl] - Loaded 1 services.
2015-09-07 12:29:47,845 INFO [org.jasig.cas.services.DefaultServicesManagerImpl] - Reloading registered services.
2015-09-07 12:29:47,846 INFO [org.jasig.cas.services.DefaultServicesManagerImpl] - Loaded 1 services.
2015-09-07 12:31:47,846 INFO [org.jasig.cas.services.DefaultServicesManagerImpl] - Reloading registered services.
2015-09-07 12:31:47,847 INFO [org.jasig.cas.services.DefaultServicesManagerImpl] - Loaded 1 services.
2015-09-07 12:33:47,846 INFO [org.jasig.cas.services.DefaultServicesManagerImpl] - Reloading registered services.
2015-09-07 12:33:47,847 INFO [org.jasig.cas.services.DefaultServicesManagerImpl] - Loaded 1 services.
2015-09-07 12:35:47,840 INFO [org.jasig.cas.services.DefaultServicesManagerImpl] - Reloading registered services.
2015-09-07 12:35:47,841 INFO [org.jasig.cas.services.DefaultServicesManagerImpl] - Loaded 1 services.
2015-09-07 12:37:47,848 INFO [org.jasig.cas.services.DefaultServicesManagerImpl] - Reloading registered services.
2015-09-07 12:37:47,853 INFO [org.jasig.cas.services.DefaultServicesManagerImpl] - Loaded 1 services.
2015-09-07 12:39:47,839 INFO [org.jasig.cas.services.DefaultServicesManagerImpl] - Reloading registered services.
2015-09-07 12:39:47,840 INFO [org.jasig.cas.services.DefaultServicesManagerImpl] - Loaded 1 services.
2015-09-07 12:41:47,849 INFO [org.jasig.cas.services.DefaultServicesManagerImpl] - Reloading registered services.
2015-09-07 12:41:47,852 INFO [org.jasig.cas.services.DefaultServicesManagerImpl] - Loaded 1 services.
2015-09-07 12:43:47,838 INFO [org.jasig.cas.services.DefaultServicesManagerImpl] - Reloading registered services.
2015-09-07 12:43:47,839 INFO [org.jasig.cas.services.DefaultServicesManagerImpl] - Loaded 1 services.
2015-09-07 12:45:47,843 INFO [org.jasig.cas.services.DefaultServicesManagerImpl] - Reloading registered services.
2015-09-07 12:45:47,844 INFO [org.jasig.cas.services.DefaultServicesManagerImpl] - Loaded 1 services.
2015-09-07 12:47:47,846 INFO [org.jasig.cas.services.DefaultServicesManagerImpl] - Reloading registered services.
2015-09-07 12:47:47,851 INFO [org.jasig.cas.services.DefaultServicesManagerImpl] - Loaded 1 services.
2015-09-07 12:49:47,840 INFO [org.jasig.cas.services.DefaultServicesManagerImpl] - Reloading registered services.
2015-09-07 12:49:47,845 INFO [org.jasig.cas.services.DefaultServicesManagerImpl] - Loaded 1 services.
2015-09-07 12:51:47,840 INFO [org.jasig.cas.services.DefaultServicesManagerImpl] - Reloading registered services.
2015-09-07 12:51:47,841 INFO [org.jasig.cas.services.DefaultServicesManagerImpl] - Loaded 1 services.
2015-09-07 12:53:47,839 INFO [org.jasig.cas.services.DefaultServicesManagerImpl] - Reloading registered services.
2015-09-07 12:53:47,844 INFO [org.jasig.cas.services.DefaultServicesManagerImpl] - Loaded 1 services.
2015-09-07 12:55:47,853 INFO [org.jasig.cas.services.DefaultServicesManagerImpl] - Reloading registered services.
2015-09-07 12:55:47,854 INFO [org.jasig.cas.services.DefaultServicesManagerImpl] - Loaded 1 services.
2015-09-07 12:57:47,842 INFO [org.jasig.cas.services.DefaultServicesManagerImpl] - Reloading registered services.
2015-09-07 12:57:47,846 INFO [org.jasig.cas.services.DefaultServicesManagerImpl] - Loaded 1 services.
2015-09-07 12:59:47,839 INFO [org.jasig.cas.services.DefaultServicesManagerImpl] - Reloading registered services.
2015-09-07 12:59:47,840 INFO [org.jasig.cas.services.DefaultServicesManagerImpl] - Loaded 1 services.
2015-09-07 13:01:47,839 INFO [org.jasig.cas.services.DefaultServicesManagerImpl] - Reloading registered services.
2015-09-07 13:01:47,843 INFO [org.jasig.cas.services.DefaultServicesManagerImpl] - Loaded 1 services.
2015-09-07 13:03:47,841 INFO [org.jasig.cas.services.DefaultServicesManagerImpl] - Reloading registered services.
2015-09-07 13:03:47,845 INFO [org.jasig.cas.services.DefaultServicesManagerImpl] - Loaded 1 services.
2015-09-07 13:05:47,840 INFO [org.jasig.cas.services.DefaultServicesManagerImpl] - Reloading registered services.
2015-09-07 13:05:47,841 INFO [org.jasig.cas.services.DefaultServicesManagerImpl] - Loaded 1 services.
2015-09-07 13:07:47,842 INFO [org.jasig.cas.services.DefaultServicesManagerImpl] - Reloading registered services.
2015-09-07 13:07:47,842 INFO [org.jasig.cas.services.DefaultServicesManagerImpl] - Loaded 1 services.
2015-09-07 13:09:47,840 INFO [org.jasig.cas.services.DefaultServicesManagerImpl] - Reloading registered services.
2015-09-07 13:09:47,840 INFO [org.jasig.cas.services.DefaultServicesManagerImpl] - Loaded 1 services.
2015-09-07 13:11:47,841 INFO [org.jasig.cas.services.DefaultServicesManagerImpl] - Reloading registered services.
2015-09-07 13:11:47,841 INFO [org.jasig.cas.services.DefaultServicesManagerImpl] - Loaded 1 services.
2015-09-07 13:13:47,839 INFO [org.jasig.cas.services.DefaultServicesManagerImpl] - Reloading registered services.
2015-09-07 13:13:47,844 INFO [org.jasig.cas.services.DefaultServicesManagerImpl] - Loaded 1 services.
2015-09-07 13:15:47,839 INFO [org.jasig.cas.services.DefaultServicesManagerImpl] - Reloading registered services.
2015-09-07 13:15:47,844 INFO [org.jasig.cas.services.DefaultServicesManagerImpl] - Loaded 1 services.
2015-09-07 13:17:47,842 INFO [org.jasig.cas.services.DefaultServicesManagerImpl] - Reloading registered services.
2015-09-07 13:17:47,847 INFO [org.jasig.cas.services.DefaultServicesManagerImpl] - Loaded 1 services.
2015-09-07 13:19:47,839 INFO [org.jasig.cas.services.DefaultServicesManagerImpl] - Reloading registered services.
2015-09-07 13:19:47,844 INFO [org.jasig.cas.services.DefaultServicesManagerImpl] - Loaded 1 services.
2015-09-07 13:21:47,839 INFO [org.jasig.cas.services.DefaultServicesManagerImpl] - Reloading registered services.
2015-09-07 13:21:47,840 INFO [org.jasig.cas.services.DefaultServicesManagerImpl] - Loaded 1 services.
2015-09-07 13:23:47,839 INFO [org.jasig.cas.services.DefaultServicesManagerImpl] - Reloading registered services.
2015-09-07 13:23:47,844 INFO [org.jasig.cas.services.DefaultServicesManagerImpl] - Loaded 1 services.
2015-09-07 13:25:47,842 INFO [org.jasig.cas.services.DefaultServicesManagerImpl] - Reloading registered services.
2015-09-07 13:25:47,847 INFO [org.jasig.cas.services.DefaultServicesManagerImpl] - Loaded 1 services.
2015-09-07 13:27:47,851 INFO [org.jasig.cas.services.DefaultServicesManagerImpl] - Reloading registered services.
2015-09-07 13:27:47,857 INFO [org.jasig.cas.services.DefaultServicesManagerImpl] - Loaded 1 services.
2015-09-07 13:28:07,788 INFO [org.jasig.cas.ticket.registry.support.DefaultTicketRegistryCleaner] - Beginning ticket cleanup.
2015-09-07 13:28:07,793 INFO [org.jasig.cas.ticket.registry.support.DefaultTicketRegistryCleaner] - 0 tickets found to be removed.
2015-09-07 13:28:07,793 INFO [org.jasig.cas.ticket.registry.support.DefaultTicketRegistryCleaner] - Finished ticket cleanup.
2015-09-07 13:29:47,847 INFO [org.jasig.cas.services.DefaultServicesManagerImpl] - Reloading registered services.
2015-09-07 13:29:47,848 INFO [org.jasig.cas.services.DefaultServicesManagerImpl] - Loaded 1 services.
2015-09-07 13:31:47,842 INFO [org.jasig.cas.services.DefaultServicesManagerImpl] - Reloading registered services.
2015-09-07 13:31:47,847 INFO [org.jasig.cas.services.DefaultServicesManagerImpl] - Loaded 1 services.
2015-09-07 13:33:47,845 INFO [org.jasig.cas.services.DefaultServicesManagerImpl] - Reloading registered services.
2015-09-07 13:33:47,851 INFO [org.jasig.cas.services.DefaultServicesManagerImpl] - Loaded 1 services.
2015-09-07 13:35:47,847 INFO [org.jasig.cas.services.DefaultServicesManagerImpl] - Reloading registered services.
2015-09-07 13:35:47,853 INFO [org.jasig.cas.services.DefaultServicesManagerImpl] - Loaded 1 services.
2015-09-07 13:37:47,846 INFO [org.jasig.cas.services.DefaultServicesManagerImpl] - Reloading registered services.
2015-09-07 13:37:47,848 INFO [org.jasig.cas.services.DefaultServicesManagerImpl] - Loaded 1 services.
2015-09-07 13:39:47,846 INFO [org.jasig.cas.services.DefaultServicesManagerImpl] - Reloading registered services.
2015-09-07 13:39:47,848 INFO [org.jasig.cas.services.DefaultServicesManagerImpl] - Loaded 1 services.
2015-09-07 13:41:47,839 INFO [org.jasig.cas.services.DefaultServicesManagerImpl] - Reloading registered services.
2015-09-07 13:41:47,844 INFO [org.jasig.cas.services.DefaultServicesManagerImpl] - Loaded 1 services.
2015-09-07 13:43:47,841 INFO [org.jasig.cas.services.DefaultServicesManagerImpl] - Reloading registered services.
2015-09-07 13:43:47,842 INFO [org.jasig.cas.services.DefaultServicesManagerImpl] - Loaded 1 services.
2015-09-07 13:45:47,847 INFO [org.jasig.cas.services.DefaultServicesManagerImpl] - Reloading registered services.
2015-09-07 13:45:47,855 INFO [org.jasig.cas.services.DefaultServicesManagerImpl] - Loaded 1 services.
2015-09-07 13:47:47,842 INFO [org.jasig.cas.services.DefaultServicesManagerImpl] - Reloading registered services.
2015-09-07 13:47:47,847 INFO [org.jasig.cas.services.DefaultServicesManagerImpl] - Loaded 1 services.
2015-09-07 13:49:47,847 INFO [org.jasig.cas.services.DefaultServicesManagerImpl] - Reloading registered services.
2015-09-07 13:49:47,849 INFO [org.jasig.cas.services.DefaultServicesManagerImpl] - Loaded 1 services.
2015-09-07 13:51:47,840 INFO [org.jasig.cas.services.DefaultServicesManagerImpl] - Reloading registered services.
2015-09-07 13:51:47,840 INFO [org.jasig.cas.services.DefaultServicesManagerImpl] - Loaded 1 services.
2015-09-07 13:53:47,840 INFO [org.jasig.cas.services.DefaultServicesManagerImpl] - Reloading registered services.
2015-09-07 13:53:47,840 INFO [org.jasig.cas.services.DefaultServicesManagerImpl] - Loaded 1 services.
2015-09-07 13:55:47,841 INFO [org.jasig.cas.services.DefaultServicesManagerImpl] - Reloading registered services.
2015-09-07 13:55:47,842 INFO [org.jasig.cas.services.DefaultServicesManagerImpl] - Loaded 1 services.
2015-09-07 13:57:47,846 INFO [org.jasig.cas.services.DefaultServicesManagerImpl] - Reloading registered services.
2015-09-07 13:57:47,847 INFO [org.jasig.cas.services.DefaultServicesManagerImpl] - Loaded 1 services.
2015-09-07 13:59:47,845 INFO [org.jasig.cas.services.DefaultServicesManagerImpl] - Reloading registered services.
2015-09-07 13:59:47,846 INFO [org.jasig.cas.services.DefaultServicesManagerImpl] - Loaded 1 services.
2015-09-07 14:01:47,846 INFO [org.jasig.cas.services.DefaultServicesManagerImpl] - Reloading registered services.
2015-09-07 14:01:47,847 INFO [org.jasig.cas.services.DefaultServicesManagerImpl] - Loaded 1 services.
2015-09-07 14:03:47,841 INFO [org.jasig.cas.services.DefaultServicesManagerImpl] - Reloading registered services.
2015-09-07 14:03:47,845 INFO [org.jasig.cas.services.DefaultServicesManagerImpl] - Loaded 1 services.
2015-09-07 14:05:47,842 INFO [org.jasig.cas.services.DefaultServicesManagerImpl] - Reloading registered services.
2015-09-07 14:05:47,847 INFO [org.jasig.cas.services.DefaultServicesManagerImpl] - Loaded 1 services.
2015-09-07 14:07:47,842 INFO [org.jasig.cas.services.DefaultServicesManagerImpl] - Reloading registered services.
2015-09-07 14:07:47,843 INFO [org.jasig.cas.services.DefaultServicesManagerImpl] - Loaded 1 services.
2015-09-07 14:09:47,845 INFO [org.jasig.cas.services.DefaultServicesManagerImpl] - Reloading registered services.
2015-09-07 14:09:47,850 INFO [org.jasig.cas.services.DefaultServicesManagerImpl] - Loaded 1 services.
2015-09-07 14:11:47,848 INFO [org.jasig.cas.services.DefaultServicesManagerImpl] - Reloading registered services.
2015-09-07 14:11:47,852 INFO [org.jasig.cas.services.DefaultServicesManagerImpl] - Loaded 1 services.
2015-09-07 14:13:47,844 INFO [org.jasig.cas.services.DefaultServicesManagerImpl] - Reloading registered services.
2015-09-07 14:13:47,851 INFO [org.jasig.cas.services.DefaultServicesManagerImpl] - Loaded 1 services.
2015-09-07 14:15:47,842 INFO [org.jasig.cas.services.DefaultServicesManagerImpl] - Reloading registered services.
2015-09-07 14:15:47,843 INFO [org.jasig.cas.services.DefaultServicesManagerImpl] - Loaded 1 services.
2015-09-07 14:17:47,850 INFO [org.jasig.cas.services.DefaultServicesManagerImpl] - Reloading registered services.
2015-09-07 14:17:47,851 INFO [org.jasig.cas.services.DefaultServicesManagerImpl] - Loaded 1 services.
2015-09-07 14:19:47,840 INFO [org.jasig.cas.services.DefaultServicesManagerImpl] - Reloading registered services.
2015-09-07 14:19:47,841 INFO [org.jasig.cas.services.DefaultServicesManagerImpl] - Loaded 1 services.
2015-09-07 14:21:47,842 INFO [org.jasig.cas.services.DefaultServicesManagerImpl] - Reloading registered services.
2015-09-07 14:21:47,843 INFO [org.jasig.cas.services.DefaultServicesManagerImpl] - Loaded 1 services.
2015-09-07 14:23:47,842 INFO [org.jasig.cas.services.DefaultServicesManagerImpl] - Reloading registered services.
2015-09-07 14:23:47,847 INFO [org.jasig.cas.services.DefaultServicesManagerImpl] - Loaded 1 services.
2015-09-07 14:25:47,843 INFO [org.jasig.cas.services.DefaultServicesManagerImpl] - Reloading registered services.
2015-09-07 14:25:47,844 INFO [org.jasig.cas.services.DefaultServicesManagerImpl] - Loaded 1 services.
2015-09-07 14:27:47,840 INFO [org.jasig.cas.services.DefaultServicesManagerImpl] - Reloading registered services.
2015-09-07 14:27:47,845 INFO [org.jasig.cas.services.DefaultServicesManagerImpl] - Loaded 1 services.
2015-09-07 14:29:47,838 INFO [org.jasig.cas.services.DefaultServicesManagerImpl] - Reloading registered services.
2015-09-07 14:29:47,842 INFO [org.jasig.cas.services.DefaultServicesManagerImpl] - Loaded 1 services.
2015-09-07 14:31:47,840 INFO [org.jasig.cas.services.DefaultServicesManagerImpl] - Reloading registered services.
2015-09-07 14:31:47,844 INFO [org.jasig.cas.services.DefaultServicesManagerImpl] - Loaded 1 services.
2015-09-07 14:33:47,849 INFO [org.jasig.cas.services.DefaultServicesManagerImpl] - Reloading registered services.
2015-09-07 14:33:47,851 INFO [org.jasig.cas.services.DefaultServicesManagerImpl] - Loaded 1 services.
2015-09-07 14:35:47,844 INFO [org.jasig.cas.services.DefaultServicesManagerImpl] - Reloading registered services.
2015-09-07 14:35:47,854 INFO [org.jasig.cas.services.DefaultServicesManagerImpl] - Loaded 1 services.
2015-09-07 14:37:47,840 INFO [org.jasig.cas.services.DefaultServicesManagerImpl] - Reloading registered services.
2015-09-07 14:37:47,841 INFO [org.jasig.cas.services.DefaultServicesManagerImpl] - Loaded 1 services.
2015-09-07 14:39:47,842 INFO [org.jasig.cas.services.DefaultServicesManagerImpl] - Reloading registered services.
2015-09-07 14:39:47,846 INFO [org.jasig.cas.services.DefaultServicesManagerImpl] - Loaded 1 services.
2015-09-07 14:41:47,842 INFO [org.jasig.cas.services.DefaultServicesManagerImpl] - Reloading registered services.
2015-09-07 14:41:47,846 INFO [org.jasig.cas.services.DefaultServicesManagerImpl] - Loaded 1 services.
2015-09-07 14:43:47,839 INFO [org.jasig.cas.services.DefaultServicesManagerImpl] - Reloading registered services.
2015-09-07 14:43:47,839 INFO [org.jasig.cas.services.DefaultServicesManagerImpl] - Loaded 1 services.
2015-09-07 14:45:47,846 INFO [org.jasig.cas.services.DefaultServicesManagerImpl] - Reloading registered services.
2015-09-07 14:45:47,848 INFO [org.jasig.cas.services.DefaultServicesManagerImpl] - Loaded 1 services.
2015-09-07 14:47:47,841 INFO [org.jasig.cas.services.DefaultServicesManagerImpl] - Reloading registered services.
2015-09-07 14:47:47,848 INFO [org.jasig.cas.services.DefaultServicesManagerImpl] - Loaded 1 services.
2015-09-07 14:49:47,842 INFO [org.jasig.cas.services.DefaultServicesManagerImpl] - Reloading registered services.
2015-09-07 14:49:47,848 INFO [org.jasig.cas.services.DefaultServicesManagerImpl] - Loaded 1 services.
2015-09-07 14:51:27,789 INFO [org.jasig.cas.ticket.registry.support.DefaultTicketRegistryCleaner] - Beginning ticket cleanup.
2015-09-07 14:51:27,792 INFO [org.jasig.cas.ticket.registry.support.DefaultTicketRegistryCleaner] - 0 tickets found to be removed.
2015-09-07 14:51:27,792 INFO [org.jasig.cas.ticket.registry.support.DefaultTicketRegistryCleaner] - Finished ticket cleanup.
2015-09-07 14:51:47,841 INFO [org.jasig.cas.services.DefaultServicesManagerImpl] - Reloading registered services.
2015-09-07 14:51:47,846 INFO [org.jasig.cas.services.DefaultServicesManagerImpl] - Loaded 1 services.
2015-09-07 14:53:47,843 INFO [org.jasig.cas.services.DefaultServicesManagerImpl] - Reloading registered services.
2015-09-07 14:53:47,849 INFO [org.jasig.cas.services.DefaultServicesManagerImpl] - Loaded 1 services.
2015-09-07 14:55:47,839 INFO [org.jasig.cas.services.DefaultServicesManagerImpl] - Reloading registered services.
2015-09-07 14:55:47,842 INFO [org.jasig.cas.services.DefaultServicesManagerImpl] - Loaded 1 services.
2015-09-07 14:57:47,844 INFO [org.jasig.cas.services.DefaultServicesManagerImpl] - Reloading registered services.
2015-09-07 14:57:47,846 INFO [org.jasig.cas.services.DefaultServicesManagerImpl] - Loaded 1 services.
2015-09-07 14:59:47,841 INFO [org.jasig.cas.services.DefaultServicesManagerImpl] - Reloading registered services.
2015-09-07 14:59:47,846 INFO [org.jasig.cas.services.DefaultServicesManagerImpl] - Loaded 1 services.
2015-09-07 15:01:47,845 INFO [org.jasig.cas.services.DefaultServicesManagerImpl] - Reloading registered services.
2015-09-07 15:01:47,846 INFO [org.jasig.cas.services.DefaultServicesManagerImpl] - Loaded 1 services.
2015-09-07 15:03:47,842 INFO [org.jasig.cas.services.DefaultServicesManagerImpl] - Reloading registered services.
2015-09-07 15:03:47,847 INFO [org.jasig.cas.services.DefaultServicesManagerImpl] - Loaded 1 services.
2015-09-07 15:05:47,848 INFO [org.jasig.cas.services.DefaultServicesManagerImpl] - Reloading registered services.
2015-09-07 15:05:47,850 INFO [org.jasig.cas.services.DefaultServicesManagerImpl] - Loaded 1 services.
2015-09-07 15:07:47,852 INFO [org.jasig.cas.services.DefaultServicesManagerImpl] - Reloading registered services.
2015-09-07 15:07:47,855 INFO [org.jasig.cas.services.DefaultServicesManagerImpl] - Loaded 1 services.
2015-09-07 15:09:47,847 INFO [org.jasig.cas.services.DefaultServicesManagerImpl] - Reloading registered services.
2015-09-07 15:09:47,850 INFO [org.jasig.cas.services.DefaultServicesManagerImpl] - Loaded 1 services.
2015-09-07 15:11:47,842 INFO [org.jasig.cas.services.DefaultServicesManagerImpl] - Reloading registered services.
2015-09-07 15:11:47,843 INFO [org.jasig.cas.services.DefaultServicesManagerImpl] - Loaded 1 services.
2015-09-07 15:13:47,849 INFO [org.jasig.cas.services.DefaultServicesManagerImpl] - Reloading registered services.
2015-09-07 15:13:47,852 INFO [org.jasig.cas.services.DefaultServicesManagerImpl] - Loaded 1 services.
2015-09-07 15:15:47,839 INFO [org.jasig.cas.services.DefaultServicesManagerImpl] - Reloading registered services.
2015-09-07 15:15:47,842 INFO [org.jasig.cas.services.DefaultServicesManagerImpl] - Loaded 1 services.
2015-09-07 15:17:47,843 INFO [org.jasig.cas.services.DefaultServicesManagerImpl] - Reloading registered services.
2015-09-07 15:17:47,850 INFO [org.jasig.cas.services.DefaultServicesManagerImpl] - Loaded 1 services.
2015-09-07 15:19:47,840 INFO [org.jasig.cas.services.DefaultServicesManagerImpl] - Reloading registered services.
2015-09-07 15:19:47,841 INFO [org.jasig.cas.services.DefaultServicesManagerImpl] - Loaded 1 services.
2015-09-07 15:21:47,847 INFO [org.jasig.cas.services.DefaultServicesManagerImpl] - Reloading registered services.
2015-09-07 15:21:47,848 INFO [org.jasig.cas.services.DefaultServicesManagerImpl] - Loaded 1 services.
2015-09-07 15:23:47,849 INFO [org.jasig.cas.services.DefaultServicesManagerImpl] - Reloading registered services.
2015-09-07 15:23:47,851 INFO [org.jasig.cas.services.DefaultServicesManagerImpl] - Loaded 1 services.
2015-09-07 15:25:47,839 INFO [org.jasig.cas.services.DefaultServicesManagerImpl] - Reloading registered services.
2015-09-07 15:25:47,841 INFO [org.jasig.cas.services.DefaultServicesManagerImpl] - Loaded 1 services.
2015-09-07 15:27:47,839 INFO [org.jasig.cas.services.DefaultServicesManagerImpl] - Reloading registered services.
2015-09-07 15:27:47,844 INFO [org.jasig.cas.services.DefaultServicesManagerImpl] - Loaded 1 services.
2015-09-07 15:29:47,842 INFO [org.jasig.cas.services.DefaultServicesManagerImpl] - Reloading registered services.
2015-09-07 15:29:47,847 INFO [org.jasig.cas.services.DefaultServicesManagerImpl] - Loaded 1 services.
2015-09-07 15:31:47,841 INFO [org.jasig.cas.services.DefaultServicesManagerImpl] - Reloading registered services.
2015-09-07 15:31:47,846 INFO [org.jasig.cas.services.DefaultServicesManagerImpl] - Loaded 1 services.
2015-09-07 15:33:47,843 INFO [org.jasig.cas.services.DefaultServicesManagerImpl] - Reloading registered services.
2015-09-07 15:33:47,844 INFO [org.jasig.cas.services.DefaultServicesManagerImpl] - Loaded 1 services.
2015-09-07 15:35:47,840 INFO [org.jasig.cas.services.DefaultServicesManagerImpl] - Reloading registered services.
2015-09-07 15:35:47,846 INFO [org.jasig.cas.services.DefaultServicesManagerImpl] - Loaded 1 services.
2015-09-07 15:37:47,848 INFO [org.jasig.cas.services.DefaultServicesManagerImpl] - Reloading registered services.
2015-09-07 15:37:47,850 INFO [org.jasig.cas.services.DefaultServicesManagerImpl] - Loaded 1 services.
2015-09-07 15:39:47,846 INFO [org.jasig.cas.services.DefaultServicesManagerImpl] - Reloading registered services.
2015-09-07 15:39:47,851 INFO [org.jasig.cas.services.DefaultServicesManagerImpl] - Loaded 1 services.
2015-09-07 15:41:47,847 INFO [org.jasig.cas.services.DefaultServicesManagerImpl] - Reloading registered services.
2015-09-07 15:41:47,853 INFO [org.jasig.cas.services.DefaultServicesManagerImpl] - Loaded 1 services.
2015-09-07 15:43:47,845 INFO [org.jasig.cas.services.DefaultServicesManagerImpl] - Reloading registered services.
2015-09-07 15:43:47,852 INFO [org.jasig.cas.services.DefaultServicesManagerImpl] - Loaded 1 services.
2015-09-07 15:45:47,846 INFO [org.jasig.cas.services.DefaultServicesManagerImpl] - Reloading registered services.
2015-09-07 15:45:47,850 INFO [org.jasig.cas.services.DefaultServicesManagerImpl] - Loaded 1 services.
2015-09-07 15:47:47,845 INFO [org.jasig.cas.services.DefaultServicesManagerImpl] - Reloading registered services.
2015-09-07 15:47:47,850 INFO [org.jasig.cas.services.DefaultServicesManagerImpl] - Loaded 1 services.
2015-09-07 15:49:47,840 INFO [org.jasig.cas.services.DefaultServicesManagerImpl] - Reloading registered services.
2015-09-07 15:49:47,840 INFO [org.jasig.cas.services.DefaultServicesManagerImpl] - Loaded 1 services.
2015-09-07 15:51:47,843 INFO [org.jasig.cas.services.DefaultServicesManagerImpl] - Reloading registered services.
2015-09-07 15:51:47,848 INFO [org.jasig.cas.services.DefaultServicesManagerImpl] - Loaded 1 services.
2015-09-07 15:53:47,845 INFO [org.jasig.cas.services.DefaultServicesManagerImpl] - Reloading registered services.
2015-09-07 15:53:47,850 INFO [org.jasig.cas.services.DefaultServicesManagerImpl] - Loaded 1 services.
2015-09-07 15:55:47,847 INFO [org.jasig.cas.services.DefaultServicesManagerImpl] - Reloading registered services.
2015-09-07 15:55:47,853 INFO [org.jasig.cas.services.DefaultServicesManagerImpl] - Loaded 1 services.
2015-09-07 15:57:47,848 INFO [org.jasig.cas.services.DefaultServicesManagerImpl] - Reloading registered services.
2015-09-07 15:57:47,855 INFO [org.jasig.cas.services.DefaultServicesManagerImpl] - Loaded 1 services.
2015-09-07 15:59:47,847 INFO [org.jasig.cas.services.DefaultServicesManagerImpl] - Reloading registered services.
2015-09-07 15:59:47,852 INFO [org.jasig.cas.services.DefaultServicesManagerImpl] - Loaded 1 services.
2015-09-07 16:01:47,845 INFO [org.jasig.cas.services.DefaultServicesManagerImpl] - Reloading registered services.
2015-09-07 16:01:47,851 INFO [org.jasig.cas.services.DefaultServicesManagerImpl] - Loaded 1 services.
2015-09-07 16:03:47,841 INFO [org.jasig.cas.services.DefaultServicesManagerImpl] - Reloading registered services.
2015-09-07 16:03:47,845 INFO [org.jasig.cas.services.DefaultServicesManagerImpl] - Loaded 1 services.
2015-09-07 16:05:47,843 INFO [org.jasig.cas.services.DefaultServicesManagerImpl] - Reloading registered services.
2015-09-07 16:05:47,844 INFO [org.jasig.cas.services.DefaultServicesManagerImpl] - Loaded 1 services.
2015-09-07 16:07:47,845 INFO [org.jasig.cas.services.DefaultServicesManagerImpl] - Reloading registered services.
2015-09-07 16:07:47,850 INFO [org.jasig.cas.services.DefaultServicesManagerImpl] - Loaded 1 services.
2015-09-07 16:09:47,846 INFO [org.jasig.cas.services.DefaultServicesManagerImpl] - Reloading registered services.
2015-09-07 16:09:47,853 INFO [org.jasig.cas.services.DefaultServicesManagerImpl] - Loaded 1 services.
2015-09-07 16:11:47,847 INFO [org.jasig.cas.services.DefaultServicesManagerImpl] - Reloading registered services.
2015-09-07 16:11:47,851 INFO [org.jasig.cas.services.DefaultServicesManagerImpl] - Loaded 1 services.
2015-09-07 16:13:47,841 INFO [org.jasig.cas.services.DefaultServicesManagerImpl] - Reloading registered services.
2015-09-07 16:13:47,847 INFO [org.jasig.cas.services.DefaultServicesManagerImpl] - Loaded 1 services.
2015-09-07 16:14:47,791 INFO [org.jasig.cas.ticket.registry.support.DefaultTicketRegistryCleaner] - Beginning ticket cleanup.
2015-09-07 16:14:47,793 INFO [org.jasig.cas.ticket.registry.support.DefaultTicketRegistryCleaner] - 0 tickets found to be removed.
2015-09-07 16:14:47,793 INFO [org.jasig.cas.ticket.registry.support.DefaultTicketRegistryCleaner] - Finished ticket cleanup.
2015-09-07 16:15:47,848 INFO [org.jasig.cas.services.DefaultServicesManagerImpl] - Reloading registered services.
2015-09-07 16:15:47,853 INFO [org.jasig.cas.services.DefaultServicesManagerImpl] - Loaded 1 services.
2015-09-07 16:17:47,841 INFO [org.jasig.cas.services.DefaultServicesManagerImpl] - Reloading registered services.
2015-09-07 16:17:47,846 INFO [org.jasig.cas.services.DefaultServicesManagerImpl] - Loaded 1 services.
2015-09-07 16:19:47,844 INFO [org.jasig.cas.services.DefaultServicesManagerImpl] - Reloading registered services.
2015-09-07 16:19:47,850 INFO [org.jasig.cas.services.DefaultServicesManagerImpl] - Loaded 1 services.
2015-09-07 17:21:39,630 INFO [org.jasig.cas.services.DefaultServicesManagerImpl] - Reloading registered services.
2015-09-07 17:21:39,632 INFO [org.jasig.cas.services.DefaultServicesManagerImpl] - Loaded 1 services.
2015-09-07 17:21:47,848 INFO [org.jasig.cas.services.DefaultServicesManagerImpl] - Reloading registered services.
2015-09-07 17:21:47,849 INFO [org.jasig.cas.services.DefaultServicesManagerImpl] - Loaded 1 services.
2015-09-07 17:23:47,849 INFO [org.jasig.cas.services.DefaultServicesManagerImpl] - Reloading registered services.
2015-09-07 17:23:47,855 INFO [org.jasig.cas.services.DefaultServicesManagerImpl] - Loaded 1 services.
2015-09-07 17:25:47,841 INFO [org.jasig.cas.services.DefaultServicesManagerImpl] - Reloading registered services.
2015-09-07 17:25:47,845 INFO [org.jasig.cas.services.DefaultServicesManagerImpl] - Loaded 1 services.
2015-09-07 17:27:47,846 INFO [org.jasig.cas.services.DefaultServicesManagerImpl] - Reloading registered services.
2015-09-07 17:27:47,850 INFO [org.jasig.cas.services.DefaultServicesManagerImpl] - Loaded 1 services.
2015-09-07 17:29:47,853 INFO [org.jasig.cas.services.DefaultServicesManagerImpl] - Reloading registered services.
2015-09-07 17:29:47,857 INFO [org.jasig.cas.services.DefaultServicesManagerImpl] - Loaded 1 services.
2015-09-07 17:31:47,847 INFO [org.jasig.cas.services.DefaultServicesManagerImpl] - Reloading registered services.
2015-09-07 17:31:47,854 INFO [org.jasig.cas.services.DefaultServicesManagerImpl] - Loaded 1 services.
2015-09-07 17:33:47,842 INFO [org.jasig.cas.services.DefaultServicesManagerImpl] - Reloading registered services.
2015-09-07 17:33:47,843 INFO [org.jasig.cas.services.DefaultServicesManagerImpl] - Loaded 1 services.
2015-09-07 18:35:47,862 INFO [org.jasig.cas.services.DefaultServicesManagerImpl] - Reloading registered services.
2015-09-07 18:35:47,864 INFO [org.jasig.cas.services.DefaultServicesManagerImpl] - Loaded 1 services.
2015-09-07 18:37:47,842 INFO [org.jasig.cas.services.DefaultServicesManagerImpl] - Reloading registered services.
2015-09-07 18:37:47,848 INFO [org.jasig.cas.services.DefaultServicesManagerImpl] - Loaded 1 services.
2015-09-07 18:39:47,846 INFO [org.jasig.cas.services.DefaultServicesManagerImpl] - Reloading registered services.
2015-09-07 18:39:47,852 INFO [org.jasig.cas.services.DefaultServicesManagerImpl] - Loaded 1 services.
2015-09-07 18:47:47,847 INFO [org.jasig.cas.services.DefaultServicesManagerImpl] - Reloading registered services.
2015-09-07 18:47:47,849 INFO [org.jasig.cas.services.DefaultServicesManagerImpl] - Loaded 1 services.
2015-09-07 18:49:47,852 INFO [org.jasig.cas.services.DefaultServicesManagerImpl] - Reloading registered services.
2015-09-07 18:49:47,854 INFO [org.jasig.cas.services.DefaultServicesManagerImpl] - Loaded 1 services.
2015-09-07 18:51:47,846 INFO [org.jasig.cas.services.DefaultServicesManagerImpl] - Reloading registered services.
2015-09-07 18:51:47,847 INFO [org.jasig.cas.services.DefaultServicesManagerImpl] - Loaded 1 services.
2015-09-07 18:53:47,845 INFO [org.jasig.cas.services.DefaultServicesManagerImpl] - Reloading registered services.
2015-09-07 18:53:47,847 INFO [org.jasig.cas.services.DefaultServicesManagerImpl] - Loaded 1 services.
2015-09-07 18:55:47,843 INFO [org.jasig.cas.services.DefaultServicesManagerImpl] - Reloading registered services.
2015-09-07 18:55:47,848 INFO [org.jasig.cas.services.DefaultServicesManagerImpl] - Loaded 1 services.
2015-09-07 18:57:47,844 INFO [org.jasig.cas.services.DefaultServicesManagerImpl] - Reloading registered services.
2015-09-07 18:57:47,852 INFO [org.jasig.cas.services.DefaultServicesManagerImpl] - Loaded 1 services.
2015-09-07 18:59:47,844 INFO [org.jasig.cas.services.DefaultServicesManagerImpl] - Reloading registered services.
2015-09-07 18:59:47,846 INFO [org.jasig.cas.services.DefaultServicesManagerImpl] - Loaded 1 services.
2015-09-07 19:01:27,793 INFO [org.jasig.cas.ticket.registry.support.DefaultTicketRegistryCleaner] - Beginning ticket cleanup.
2015-09-07 19:01:27,794 INFO [org.jasig.cas.ticket.registry.support.DefaultTicketRegistryCleaner] - 0 tickets found to be removed.
2015-09-07 19:01:27,794 INFO [org.jasig.cas.ticket.registry.support.DefaultTicketRegistryCleaner] - Finished ticket cleanup.
2015-09-07 19:01:47,839 INFO [org.jasig.cas.services.DefaultServicesManagerImpl] - Reloading registered services.
2015-09-07 19:01:47,844 INFO [org.jasig.cas.services.DefaultServicesManagerImpl] - Loaded 1 services.
2015-09-07 19:03:47,841 INFO [org.jasig.cas.services.DefaultServicesManagerImpl] - Reloading registered services.
2015-09-07 19:03:47,844 INFO [org.jasig.cas.services.DefaultServicesManagerImpl] - Loaded 1 services.
2015-09-07 19:05:47,848 INFO [org.jasig.cas.services.DefaultServicesManagerImpl] - Reloading registered services.
2015-09-07 19:05:47,850 INFO [org.jasig.cas.services.DefaultServicesManagerImpl] - Loaded 1 services.
2015-09-07 19:07:47,852 INFO [org.jasig.cas.services.DefaultServicesManagerImpl] - Reloading registered services.
2015-09-07 19:07:47,854 INFO [org.jasig.cas.services.DefaultServicesManagerImpl] - Loaded 1 services.
2015-09-07 19:09:47,846 INFO [org.jasig.cas.services.DefaultServicesManagerImpl] - Reloading registered services.
2015-09-07 19:09:47,846 INFO [org.jasig.cas.services.DefaultServicesManagerImpl] - Loaded 1 services.
2015-09-07 19:11:47,841 INFO [org.jasig.cas.services.DefaultServicesManagerImpl] - Reloading registered services.
2015-09-07 19:11:47,841 INFO [org.jasig.cas.services.DefaultServicesManagerImpl] - Loaded 1 services.
2015-09-07 19:13:47,854 INFO [org.jasig.cas.services.DefaultServicesManagerImpl] - Reloading registered services.
2015-09-07 19:13:47,858 INFO [org.jasig.cas.services.DefaultServicesManagerImpl] - Loaded 1 services.
2015-09-07 19:15:47,839 INFO [org.jasig.cas.services.DefaultServicesManagerImpl] - Reloading registered services.
2015-09-07 19:15:47,846 INFO [org.jasig.cas.services.DefaultServicesManagerImpl] - Loaded 1 services.
2015-09-07 19:17:47,848 INFO [org.jasig.cas.services.DefaultServicesManagerImpl] - Reloading registered services.
2015-09-07 19:17:47,849 INFO [org.jasig.cas.services.DefaultServicesManagerImpl] - Loaded 1 services.
2015-09-07 19:19:47,850 INFO [org.jasig.cas.services.DefaultServicesManagerImpl] - Reloading registered services.
2015-09-07 19:19:47,859 INFO [org.jasig.cas.services.DefaultServicesManagerImpl] - Loaded 1 services.
2015-09-07 19:21:47,847 INFO [org.jasig.cas.services.DefaultServicesManagerImpl] - Reloading registered services.
2015-09-07 19:21:47,854 INFO [org.jasig.cas.services.DefaultServicesManagerImpl] - Loaded 1 services.
2015-09-07 19:23:47,854 INFO [org.jasig.cas.services.DefaultServicesManagerImpl] - Reloading registered services.
2015-09-07 19:23:47,858 INFO [org.jasig.cas.services.DefaultServicesManagerImpl] - Loaded 1 services.
2015-09-07 19:25:47,844 INFO [org.jasig.cas.services.DefaultServicesManagerImpl] - Reloading registered services.
2015-09-07 19:25:47,851 INFO [org.jasig.cas.services.DefaultServicesManagerImpl] - Loaded 1 services.
2015-09-07 19:27:47,842 INFO [org.jasig.cas.services.DefaultServicesManagerImpl] - Reloading registered services.
2015-09-07 19:27:47,849 INFO [org.jasig.cas.services.DefaultServicesManagerImpl] - Loaded 1 services.
2015-09-07 19:29:47,843 INFO [org.jasig.cas.services.DefaultServicesManagerImpl] - Reloading registered services.
2015-09-07 19:29:47,845 INFO [org.jasig.cas.services.DefaultServicesManagerImpl] - Loaded 1 services.
2015-09-07 19:31:47,842 INFO [org.jasig.cas.services.DefaultServicesManagerImpl] - Reloading registered services.
2015-09-07 19:31:47,849 INFO [org.jasig.cas.services.DefaultServicesManagerImpl] - Loaded 1 services.
2015-09-07 19:33:47,847 INFO [org.jasig.cas.services.DefaultServicesManagerImpl] - Reloading registered services.
2015-09-07 19:33:47,848 INFO [org.jasig.cas.services.DefaultServicesManagerImpl] - Loaded 1 services.
2015-09-07 19:35:47,846 INFO [org.jasig.cas.services.DefaultServicesManagerImpl] - Reloading registered services.
2015-09-07 19:35:47,846 INFO [org.jasig.cas.services.DefaultServicesManagerImpl] - Loaded 1 services.
2015-09-07 19:37:47,840 INFO [org.jasig.cas.services.DefaultServicesManagerImpl] - Reloading registered services.
2015-09-07 19:37:47,844 INFO [org.jasig.cas.services.DefaultServicesManagerImpl] - Loaded 1 services.
2015-09-07 19:39:47,849 INFO [org.jasig.cas.services.DefaultServicesManagerImpl] - Reloading registered services.
2015-09-07 19:39:47,852 INFO [org.jasig.cas.services.DefaultServicesManagerImpl] - Loaded 1 services.
2015-09-07 19:41:47,842 INFO [org.jasig.cas.services.DefaultServicesManagerImpl] - Reloading registered services.
2015-09-07 19:41:47,847 INFO [org.jasig.cas.services.DefaultServicesManagerImpl] - Loaded 1 services.
2015-09-07 19:43:47,842 INFO [org.jasig.cas.services.DefaultServicesManagerImpl] - Reloading registered services.
2015-09-07 19:43:47,842 INFO [org.jasig.cas.services.DefaultServicesManagerImpl] - Loaded 1 services.
2015-09-07 19:45:47,849 INFO [org.jasig.cas.services.DefaultServicesManagerImpl] - Reloading registered services.
2015-09-07 19:45:47,849 INFO [org.jasig.cas.services.DefaultServicesManagerImpl] - Loaded 1 services.
2015-09-07 19:47:47,838 INFO [org.jasig.cas.services.DefaultServicesManagerImpl] - Reloading registered services.
2015-09-07 19:47:47,839 INFO [org.jasig.cas.services.DefaultServicesManagerImpl] - Loaded 1 services.
2015-09-07 19:49:47,839 INFO [org.jasig.cas.services.DefaultServicesManagerImpl] - Reloading registered services.
2015-09-07 19:49:47,839 INFO [org.jasig.cas.services.DefaultServicesManagerImpl] - Loaded 1 services.
2015-09-07 19:51:47,843 INFO [org.jasig.cas.services.DefaultServicesManagerImpl] - Reloading registered services.
2015-09-07 19:51:47,848 INFO [org.jasig.cas.services.DefaultServicesManagerImpl] - Loaded 1 services.
2015-09-07 19:53:47,842 INFO [org.jasig.cas.services.DefaultServicesManagerImpl] - Reloading registered services.
2015-09-07 19:53:47,847 INFO [org.jasig.cas.services.DefaultServicesManagerImpl] - Loaded 1 services.
2015-09-07 19:55:47,846 INFO [org.jasig.cas.services.DefaultServicesManagerImpl] - Reloading registered services.
2015-09-07 19:55:47,847 INFO [org.jasig.cas.services.DefaultServicesManagerImpl] - Loaded 1 services.
2015-09-07 19:57:47,847 INFO [org.jasig.cas.services.DefaultServicesManagerImpl] - Reloading registered services.
2015-09-07 19:57:47,853 INFO [org.jasig.cas.services.DefaultServicesManagerImpl] - Loaded 1 services.
2015-09-07 19:59:47,846 INFO [org.jasig.cas.services.DefaultServicesManagerImpl] - Reloading registered services.
2015-09-07 19:59:47,847 INFO [org.jasig.cas.services.DefaultServicesManagerImpl] - Loaded 1 services.
2015-09-07 20:01:47,848 INFO [org.jasig.cas.services.DefaultServicesManagerImpl] - Reloading registered services.
2015-09-07 20:01:47,849 INFO [org.jasig.cas.services.DefaultServicesManagerImpl] - Loaded 1 services.
2015-09-07 20:03:47,841 INFO [org.jasig.cas.services.DefaultServicesManagerImpl] - Reloading registered services.
2015-09-07 20:03:47,846 INFO [org.jasig.cas.services.DefaultServicesManagerImpl] - Loaded 1 services.
2015-09-07 20:05:47,841 INFO [org.jasig.cas.services.DefaultServicesManagerImpl] - Reloading registered services.
2015-09-07 20:05:47,846 INFO [org.jasig.cas.services.DefaultServicesManagerImpl] - Loaded 1 services.
2015-09-07 20:07:47,841 INFO [org.jasig.cas.services.DefaultServicesManagerImpl] - Reloading registered services.
2015-09-07 20:07:47,842 INFO [org.jasig.cas.services.DefaultServicesManagerImpl] - Loaded 1 services.
2015-09-07 20:09:47,845 INFO [org.jasig.cas.services.DefaultServicesManagerImpl] - Reloading registered services.
2015-09-07 20:09:47,846 INFO [org.jasig.cas.services.DefaultServicesManagerImpl] - Loaded 1 services.
2015-09-07 20:11:47,840 INFO [org.jasig.cas.services.DefaultServicesManagerImpl] - Reloading registered services.
2015-09-07 20:11:47,844 INFO [org.jasig.cas.services.DefaultServicesManagerImpl] - Loaded 1 services.
2015-09-07 20:13:47,842 INFO [org.jasig.cas.services.DefaultServicesManagerImpl] - Reloading registered services.
2015-09-07 20:13:47,846 INFO [org.jasig.cas.services.DefaultServicesManagerImpl] - Loaded 1 services.
2015-09-07 20:15:47,841 INFO [org.jasig.cas.services.DefaultServicesManagerImpl] - Reloading registered services.
2015-09-07 20:15:47,843 INFO [org.jasig.cas.services.DefaultServicesManagerImpl] - Loaded 1 services.
2015-09-07 20:17:47,848 INFO [org.jasig.cas.services.DefaultServicesManagerImpl] - Reloading registered services.
2015-09-07 20:17:47,854 INFO [org.jasig.cas.services.DefaultServicesManagerImpl] - Loaded 1 services.
2015-09-07 20:19:47,840 INFO [org.jasig.cas.services.DefaultServicesManagerImpl] - Reloading registered services.
2015-09-07 20:19:47,845 INFO [org.jasig.cas.services.DefaultServicesManagerImpl] - Loaded 1 services.
2015-09-07 20:21:47,840 INFO [org.jasig.cas.services.DefaultServicesManagerImpl] - Reloading registered services.
2015-09-07 20:21:47,845 INFO [org.jasig.cas.services.DefaultServicesManagerImpl] - Loaded 1 services.
2015-09-07 20:23:47,841 INFO [org.jasig.cas.services.DefaultServicesManagerImpl] - Reloading registered services.
2015-09-07 20:23:47,846 INFO [org.jasig.cas.services.DefaultServicesManagerImpl] - Loaded 1 services.
2015-09-07 20:24:47,788 INFO [org.jasig.cas.ticket.registry.support.DefaultTicketRegistryCleaner] - Beginning ticket cleanup.
2015-09-07 20:24:47,798 INFO [org.jasig.cas.ticket.registry.support.DefaultTicketRegistryCleaner] - 0 tickets found to be removed.
2015-09-07 20:24:47,798 INFO [org.jasig.cas.ticket.registry.support.DefaultTicketRegistryCleaner] - Finished ticket cleanup.
2015-09-07 20:25:47,841 INFO [org.jasig.cas.services.DefaultServicesManagerImpl] - Reloading registered services.
2015-09-07 20:25:47,841 INFO [org.jasig.cas.services.DefaultServicesManagerImpl] - Loaded 1 services.
2015-09-07 20:27:47,841 INFO [org.jasig.cas.services.DefaultServicesManagerImpl] - Reloading registered services.
2015-09-07 20:27:47,844 INFO [org.jasig.cas.services.DefaultServicesManagerImpl] - Loaded 1 services.
2015-09-07 20:29:47,843 INFO [org.jasig.cas.services.DefaultServicesManagerImpl] - Reloading registered services.
2015-09-07 20:29:47,848 INFO [org.jasig.cas.services.DefaultServicesManagerImpl] - Loaded 1 services.
2015-09-07 20:31:47,848 INFO [org.jasig.cas.services.DefaultServicesManagerImpl] - Reloading registered services.
2015-09-07 20:31:47,849 INFO [org.jasig.cas.services.DefaultServicesManagerImpl] - Loaded 1 services.
2015-09-07 20:33:47,844 INFO [org.jasig.cas.services.DefaultServicesManagerImpl] - Reloading registered services.
2015-09-07 20:33:47,849 INFO [org.jasig.cas.services.DefaultServicesManagerImpl] - Loaded 1 services.
2015-09-07 20:35:47,842 INFO [org.jasig.cas.services.DefaultServicesManagerImpl] - Reloading registered services.
2015-09-07 20:35:47,847 INFO [org.jasig.cas.services.DefaultServicesManagerImpl] - Loaded 1 services.
2015-09-07 20:37:47,842 INFO [org.jasig.cas.services.DefaultServicesManagerImpl] - Reloading registered services.
2015-09-07 20:37:47,848 INFO [org.jasig.cas.services.DefaultServicesManagerImpl] - Loaded 1 services.
2015-09-07 20:39:47,843 INFO [org.jasig.cas.services.DefaultServicesManagerImpl] - Reloading registered services.
2015-09-07 20:39:47,849 INFO [org.jasig.cas.services.DefaultServicesManagerImpl] - Loaded 1 services.
2015-09-07 20:41:47,842 INFO [org.jasig.cas.services.DefaultServicesManagerImpl] - Reloading registered services.
2015-09-07 20:41:47,850 INFO [org.jasig.cas.services.DefaultServicesManagerImpl] - Loaded 1 services.
2015-09-07 20:43:47,843 INFO [org.jasig.cas.services.DefaultServicesManagerImpl] - Reloading registered services.
2015-09-07 20:43:47,848 INFO [org.jasig.cas.services.DefaultServicesManagerImpl] - Loaded 1 services.
2015-09-07 20:45:47,849 INFO [org.jasig.cas.services.DefaultServicesManagerImpl] - Reloading registered services.
2015-09-07 20:45:47,853 INFO [org.jasig.cas.services.DefaultServicesManagerImpl] - Loaded 1 services.
2015-09-07 20:47:47,854 INFO [org.jasig.cas.services.DefaultServicesManagerImpl] - Reloading registered services.
2015-09-07 20:47:47,855 INFO [org.jasig.cas.services.DefaultServicesManagerImpl] - Loaded 1 services.
2015-09-07 20:49:47,855 INFO [org.jasig.cas.services.DefaultServicesManagerImpl] - Reloading registered services.
2015-09-07 20:49:47,859 INFO [org.jasig.cas.services.DefaultServicesManagerImpl] - Loaded 1 services.
2015-09-07 20:51:47,846 INFO [org.jasig.cas.services.DefaultServicesManagerImpl] - Reloading registered services.
2015-09-07 20:51:47,847 INFO [org.jasig.cas.services.DefaultServicesManagerImpl] - Loaded 1 services.
2015-09-07 20:53:47,844 INFO [org.jasig.cas.services.DefaultServicesManagerImpl] - Reloading registered services.
2015-09-07 20:53:47,865 INFO [org.jasig.cas.services.DefaultServicesManagerImpl] - Loaded 1 services.
2015-09-07 20:55:47,846 INFO [org.jasig.cas.services.DefaultServicesManagerImpl] - Reloading registered services.
2015-09-07 20:55:47,852 INFO [org.jasig.cas.services.DefaultServicesManagerImpl] - Loaded 1 services.
2015-09-07 20:57:47,846 INFO [org.jasig.cas.services.DefaultServicesManagerImpl] - Reloading registered services.
2015-09-07 20:57:47,849 INFO [org.jasig.cas.services.DefaultServicesManagerImpl] - Loaded 1 services.
2015-09-07 20:59:47,846 INFO [org.jasig.cas.services.DefaultServicesManagerImpl] - Reloading registered services.
2015-09-07 20:59:47,847 INFO [org.jasig.cas.services.DefaultServicesManagerImpl] - Loaded 1 services.
2015-09-07 21:01:47,847 INFO [org.jasig.cas.services.DefaultServicesManagerImpl] - Reloading registered services.
2015-09-07 21:01:47,851 INFO [org.jasig.cas.services.DefaultServicesManagerImpl] - Loaded 1 services.
2015-09-07 21:03:47,852 INFO [org.jasig.cas.services.DefaultServicesManagerImpl] - Reloading registered services.
2015-09-07 21:03:47,854 INFO [org.jasig.cas.services.DefaultServicesManagerImpl] - Loaded 1 services.
2015-09-07 21:05:47,840 INFO [org.jasig.cas.services.DefaultServicesManagerImpl] - Reloading registered services.
2015-09-07 21:05:47,846 INFO [org.jasig.cas.services.DefaultServicesManagerImpl] - Loaded 1 services.
2015-09-07 21:07:47,847 INFO [org.jasig.cas.services.DefaultServicesManagerImpl] - Reloading registered services.
2015-09-07 21:07:47,850 INFO [org.jasig.cas.services.DefaultServicesManagerImpl] - Loaded 1 services.
2015-09-07 21:09:47,846 INFO [org.jasig.cas.services.DefaultServicesManagerImpl] - Reloading registered services.
2015-09-07 21:09:47,846 INFO [org.jasig.cas.services.DefaultServicesManagerImpl] - Loaded 1 services.
2015-09-07 21:11:47,849 INFO [org.jasig.cas.services.DefaultServicesManagerImpl] - Reloading registered services.
2015-09-07 21:11:47,857 INFO [org.jasig.cas.services.DefaultServicesManagerImpl] - Loaded 1 services.
2015-09-07 21:13:47,844 INFO [org.jasig.cas.services.DefaultServicesManagerImpl] - Reloading registered services.
2015-09-07 21:13:47,846 INFO [org.jasig.cas.services.DefaultServicesManagerImpl] - Loaded 1 services.
2015-09-07 21:15:47,850 INFO [org.jasig.cas.services.DefaultServicesManagerImpl] - Reloading registered services.
2015-09-07 21:15:47,853 INFO [org.jasig.cas.services.DefaultServicesManagerImpl] - Loaded 1 services.
2015-09-07 21:17:47,848 INFO [org.jasig.cas.services.DefaultServicesManagerImpl] - Reloading registered services.
2015-09-07 21:17:47,849 INFO [org.jasig.cas.services.DefaultServicesManagerImpl] - Loaded 1 services.
2015-09-07 21:19:47,850 INFO [org.jasig.cas.services.DefaultServicesManagerImpl] - Reloading registered services.
2015-09-07 21:19:47,852 INFO [org.jasig.cas.services.DefaultServicesManagerImpl] - Loaded 1 services.
2015-09-07 21:21:47,848 INFO [org.jasig.cas.services.DefaultServicesManagerImpl] - Reloading registered services.
2015-09-07 21:21:47,850 INFO [org.jasig.cas.services.DefaultServicesManagerImpl] - Loaded 1 services.
2015-09-07 21:23:47,848 INFO [org.jasig.cas.services.DefaultServicesManagerImpl] - Reloading registered services.
2015-09-07 21:23:47,849 INFO [org.jasig.cas.services.DefaultServicesManagerImpl] - Loaded 1 services.
2015-09-07 21:25:47,844 INFO [org.jasig.cas.services.DefaultServicesManagerImpl] - Reloading registered services.
2015-09-07 21:25:47,850 INFO [org.jasig.cas.services.DefaultServicesManagerImpl] - Loaded 1 services.
2015-09-07 21:27:47,846 INFO [org.jasig.cas.services.DefaultServicesManagerImpl] - Reloading registered services.
2015-09-07 21:27:47,847 INFO [org.jasig.cas.services.DefaultServicesManagerImpl] - Loaded 1 services.
2015-09-07 21:29:47,848 INFO [org.jasig.cas.services.DefaultServicesManagerImpl] - Reloading registered services.
2015-09-07 21:29:47,853 INFO [org.jasig.cas.services.DefaultServicesManagerImpl] - Loaded 1 services.
2015-09-07 21:31:47,847 INFO [org.jasig.cas.services.DefaultServicesManagerImpl] - Reloading registered services.
2015-09-07 21:31:47,853 INFO [org.jasig.cas.services.DefaultServicesManagerImpl] - Loaded 1 services.
2015-09-07 21:33:47,853 INFO [org.jasig.cas.services.DefaultServicesManagerImpl] - Reloading registered services.
2015-09-07 21:33:47,855 INFO [org.jasig.cas.services.DefaultServicesManagerImpl] - Loaded 1 services.
2015-09-07 21:35:47,840 INFO [org.jasig.cas.services.DefaultServicesManagerImpl] - Reloading registered services.
2015-09-07 21:35:47,842 INFO [org.jasig.cas.services.DefaultServicesManagerImpl] - Loaded 1 services.
2015-09-07 21:37:47,855 INFO [org.jasig.cas.services.DefaultServicesManagerImpl] - Reloading registered services.
2015-09-07 21:37:47,860 INFO [org.jasig.cas.services.DefaultServicesManagerImpl] - Loaded 1 services.
2015-09-07 21:39:47,852 INFO [org.jasig.cas.services.DefaultServicesManagerImpl] - Reloading registered services.
2015-09-07 21:39:47,854 INFO [org.jasig.cas.services.DefaultServicesManagerImpl] - Loaded 1 services.
2015-09-07 21:41:47,847 INFO [org.jasig.cas.services.DefaultServicesManagerImpl] - Reloading registered services.
2015-09-07 21:41:47,848 INFO [org.jasig.cas.services.DefaultServicesManagerImpl] - Loaded 1 services.
2015-09-07 21:43:47,852 INFO [org.jasig.cas.services.DefaultServicesManagerImpl] - Reloading registered services.
2015-09-07 21:43:47,854 INFO [org.jasig.cas.services.DefaultServicesManagerImpl] - Loaded 1 services.
2015-09-07 21:45:47,844 INFO [org.jasig.cas.services.DefaultServicesManagerImpl] - Reloading registered services.
2015-09-07 21:45:47,849 INFO [org.jasig.cas.services.DefaultServicesManagerImpl] - Loaded 1 services.
2015-09-07 21:47:47,850 INFO [org.jasig.cas.services.DefaultServicesManagerImpl] - Reloading registered services.
2015-09-07 21:47:47,853 INFO [org.jasig.cas.services.DefaultServicesManagerImpl] - Loaded 1 services.
2015-09-07 21:48:07,795 INFO [org.jasig.cas.ticket.registry.support.DefaultTicketRegistryCleaner] - Beginning ticket cleanup.
2015-09-07 21:48:07,799 INFO [org.jasig.cas.ticket.registry.support.DefaultTicketRegistryCleaner] - 0 tickets found to be removed.
2015-09-07 21:48:07,799 INFO [org.jasig.cas.ticket.registry.support.DefaultTicketRegistryCleaner] - Finished ticket cleanup.
2015-09-07 21:49:47,844 INFO [org.jasig.cas.services.DefaultServicesManagerImpl] - Reloading registered services.
2015-09-07 21:49:47,853 INFO [org.jasig.cas.services.DefaultServicesManagerImpl] - Loaded 1 services.
2015-09-07 21:51:47,846 INFO [org.jasig.cas.services.DefaultServicesManagerImpl] - Reloading registered services.
2015-09-07 21:51:47,849 INFO [org.jasig.cas.services.DefaultServicesManagerImpl] - Loaded 1 services.
2015-09-07 21:53:47,848 INFO [org.jasig.cas.services.DefaultServicesManagerImpl] - Reloading registered services.
2015-09-07 21:53:47,852 INFO [org.jasig.cas.services.DefaultServicesManagerImpl] - Loaded 1 services.
2015-09-07 22:25:32,322 INFO [org.jasig.cas.util.AutowiringSchedulerFactoryBean] - Shutting down Quartz Scheduler
